<?xml version="1.0" encoding="UTF-8"?>
<!-- Generated by org.testng.reporters.JUnitReportReporter -->
<testsuite skipped="0" hostname="DESKTOP-9K77OJE" name="TestCases.News" tests="6" failures="0" timestamp="31 Jan 2019 22:40:36 GMT" time="3.523" errors="5">
  <testcase name="NFLNews" time="0.000" classname="TestCases.News">
    <error type="java.lang.RuntimeException" message="java.lang.InstantiationException">
      <![CDATA[java.lang.RuntimeException: java.lang.InstantiationExceptionat org.openqa.selenium.support.PageFactory.instantiatePage(PageFactory.java:134)at org.openqa.selenium.support.PageFactory.initElements(PageFactory.java:64)at TestCases.News.NFLNews(News.java:52)at sun.reflect.NativeMethodAccessorImpl.invoke0(Native Method)at sun.reflect.NativeMethodAccessorImpl.invoke(NativeMethodAccessorImpl.java:62)at sun.reflect.DelegatingMethodAccessorImpl.invoke(DelegatingMethodAccessorImpl.java:43)at java.lang.reflect.Method.invoke(Method.java:498)at org.testng.internal.MethodInvocationHelper.invokeMethod(MethodInvocationHelper.java:124)at org.testng.internal.Invoker.invokeMethod(Invoker.java:571)at org.testng.internal.Invoker.invokeTestMethod(Invoker.java:707)at org.testng.internal.Invoker.invokeTestMethods(Invoker.java:979)at org.testng.internal.TestMethodWorker.invokeTestMethods(TestMethodWorker.java:125)at org.testng.internal.TestMethodWorker.run(TestMethodWorker.java:109)at java.util.concurrent.ThreadPoolExecutor.runWorker(ThreadPoolExecutor.java:1149)at java.util.concurrent.ThreadPoolExecutor$Worker.run(ThreadPoolExecutor.java:624)at java.lang.Thread.run(Thread.java:748)Caused by: java.lang.InstantiationExceptionat sun.reflect.InstantiationExceptionConstructorAccessorImpl.newInstance(InstantiationExceptionConstructorAccessorImpl.java:48)at java.lang.reflect.Constructor.newInstance(Constructor.java:423)at org.openqa.selenium.support.PageFactory.instantiatePage(PageFactory.java:129)... 15 more]]>
    </error>
  </testcase> <!-- NFLNews -->
  <testcase name="MLSNews" time="0.002" classname="TestCases.News">
    <error type="java.lang.RuntimeException" message="java.lang.InstantiationException">
      <![CDATA[java.lang.RuntimeException: java.lang.InstantiationExceptionat org.openqa.selenium.support.PageFactory.instantiatePage(PageFactory.java:134)at org.openqa.selenium.support.PageFactory.initElements(PageFactory.java:64)at TestCases.News.MLSNews(News.java:95)at sun.reflect.NativeMethodAccessorImpl.invoke0(Native Method)at sun.reflect.NativeMethodAccessorImpl.invoke(NativeMethodAccessorImpl.java:62)at sun.reflect.DelegatingMethodAccessorImpl.invoke(DelegatingMethodAccessorImpl.java:43)at java.lang.reflect.Method.invoke(Method.java:498)at org.testng.internal.MethodInvocationHelper.invokeMethod(MethodInvocationHelper.java:124)at org.testng.internal.Invoker.invokeMethod(Invoker.java:571)at org.testng.internal.Invoker.invokeTestMethod(Invoker.java:707)at org.testng.internal.Invoker.invokeTestMethods(Invoker.java:979)at org.testng.internal.TestMethodWorker.invokeTestMethods(TestMethodWorker.java:125)at org.testng.internal.TestMethodWorker.run(TestMethodWorker.java:109)at java.util.concurrent.ThreadPoolExecutor.runWorker(ThreadPoolExecutor.java:1149)at java.util.concurrent.ThreadPoolExecutor$Worker.run(ThreadPoolExecutor.java:624)at java.lang.Thread.run(Thread.java:748)Caused by: java.lang.InstantiationExceptionat sun.reflect.InstantiationExceptionConstructorAccessorImpl.newInstance(InstantiationExceptionConstructorAccessorImpl.java:48)at java.lang.reflect.Constructor.newInstance(Constructor.java:423)at org.openqa.selenium.support.PageFactory.instantiatePage(PageFactory.java:129)... 15 more]]>
    </error>
  </testcase> <!-- MLSNews -->
  <testcase name="Test1" time="3.519" classname="TestCases.News"/>
  <testcase name="BanglaNews" time="0.001" classname="TestCases.News">
    <error type="java.lang.RuntimeException" message="java.lang.InstantiationException">
      <![CDATA[java.lang.RuntimeException: java.lang.InstantiationExceptionat org.openqa.selenium.support.PageFactory.instantiatePage(PageFactory.java:134)at org.openqa.selenium.support.PageFactory.initElements(PageFactory.java:64)at TestCases.News.BanglaNews(News.java:37)at sun.reflect.NativeMethodAccessorImpl.invoke0(Native Method)at sun.reflect.NativeMethodAccessorImpl.invoke(NativeMethodAccessorImpl.java:62)at sun.reflect.DelegatingMethodAccessorImpl.invoke(DelegatingMethodAccessorImpl.java:43)at java.lang.reflect.Method.invoke(Method.java:498)at org.testng.internal.MethodInvocationHelper.invokeMethod(MethodInvocationHelper.java:124)at org.testng.internal.Invoker.invokeMethod(Invoker.java:571)at org.testng.internal.Invoker.invokeTestMethod(Invoker.java:707)at org.testng.internal.Invoker.invokeTestMethods(Invoker.java:979)at org.testng.internal.TestMethodWorker.invokeTestMethods(TestMethodWorker.java:125)at org.testng.internal.TestMethodWorker.run(TestMethodWorker.java:109)at java.util.concurrent.ThreadPoolExecutor.runWorker(ThreadPoolExecutor.java:1149)at java.util.concurrent.ThreadPoolExecutor$Worker.run(ThreadPoolExecutor.java:624)at java.lang.Thread.run(Thread.java:748)Caused by: java.lang.InstantiationExceptionat sun.reflect.InstantiationExceptionConstructorAccessorImpl.newInstance(InstantiationExceptionConstructorAccessorImpl.java:48)at java.lang.reflect.Constructor.newInstance(Constructor.java:423)at org.openqa.selenium.support.PageFactory.instantiatePage(PageFactory.java:129)... 15 more]]>
    </error>
  </testcase> <!-- BanglaNews -->
  <testcase name="MLBNews" time="0.001" classname="TestCases.News">
    <error type="java.lang.RuntimeException" message="java.lang.InstantiationException">
      <![CDATA[java.lang.RuntimeException: java.lang.InstantiationExceptionat org.openqa.selenium.support.PageFactory.instantiatePage(PageFactory.java:134)at org.openqa.selenium.support.PageFactory.initElements(PageFactory.java:64)at TestCases.News.MLBNews(News.java:80)at sun.reflect.NativeMethodAccessorImpl.invoke0(Native Method)at sun.reflect.NativeMethodAccessorImpl.invoke(NativeMethodAccessorImpl.java:62)at sun.reflect.DelegatingMethodAccessorImpl.invoke(DelegatingMethodAccessorImpl.java:43)at java.lang.reflect.Method.invoke(Method.java:498)at org.testng.internal.MethodInvocationHelper.invokeMethod(MethodInvocationHelper.java:124)at org.testng.internal.Invoker.invokeMethod(Invoker.java:571)at org.testng.internal.Invoker.invokeTestMethod(Invoker.java:707)at org.testng.internal.Invoker.invokeTestMethods(Invoker.java:979)at org.testng.internal.TestMethodWorker.invokeTestMethods(TestMethodWorker.java:125)at org.testng.internal.TestMethodWorker.run(TestMethodWorker.java:109)at java.util.concurrent.ThreadPoolExecutor.runWorker(ThreadPoolExecutor.java:1149)at java.util.concurrent.ThreadPoolExecutor$Worker.run(ThreadPoolExecutor.java:624)at java.lang.Thread.run(Thread.java:748)Caused by: java.lang.InstantiationExceptionat sun.reflect.InstantiationExceptionConstructorAccessorImpl.newInstance(InstantiationExceptionConstructorAccessorImpl.java:48)at java.lang.reflect.Constructor.newInstance(Constructor.java:423)at org.openqa.selenium.support.PageFactory.instantiatePage(PageFactory.java:129)... 15 more]]>
    </error>
  </testcase> <!-- MLBNews -->
  <testcase name="NBANews" time="0.000" classname="TestCases.News">
    <error type="java.lang.RuntimeException" message="java.lang.InstantiationException">
      <![CDATA[java.lang.RuntimeException: java.lang.InstantiationExceptionat org.openqa.selenium.support.PageFactory.instantiatePage(PageFactory.java:134)at org.openqa.selenium.support.PageFactory.initElements(PageFactory.java:64)at TestCases.News.NBANews(News.java:66)at sun.reflect.NativeMethodAccessorImpl.invoke0(Native Method)at sun.reflect.NativeMethodAccessorImpl.invoke(NativeMethodAccessorImpl.java:62)at sun.reflect.DelegatingMethodAccessorImpl.invoke(DelegatingMethodAccessorImpl.java:43)at java.lang.reflect.Method.invoke(Method.java:498)at org.testng.internal.MethodInvocationHelper.invokeMethod(MethodInvocationHelper.java:124)at org.testng.internal.Invoker.invokeMethod(Invoker.java:571)at org.testng.internal.Invoker.invokeTestMethod(Invoker.java:707)at org.testng.internal.Invoker.invokeTestMethods(Invoker.java:979)at org.testng.internal.TestMethodWorker.invokeTestMethods(TestMethodWorker.java:125)at org.testng.internal.TestMethodWorker.run(TestMethodWorker.java:109)at java.util.concurrent.ThreadPoolExecutor.runWorker(ThreadPoolExecutor.java:1149)at java.util.concurrent.ThreadPoolExecutor$Worker.run(ThreadPoolExecutor.java:624)at java.lang.Thread.run(Thread.java:748)Caused by: java.lang.InstantiationExceptionat sun.reflect.InstantiationExceptionConstructorAccessorImpl.newInstance(InstantiationExceptionConstructorAccessorImpl.java:48)at java.lang.reflect.Constructor.newInstance(Constructor.java:423)at org.openqa.selenium.support.PageFactory.instantiatePage(PageFactory.java:129)... 15 more]]>
    </error>
  </testcase> <!-- NBANews -->
</testsuite> <!-- TestCases.News -->
