<?xml version="1.0" encoding="UTF-8"?>
<!-- Generated by org.testng.reporters.JUnitReportReporter -->
<testsuite skipped="0" hostname="DESKTOP-9K77OJE" name="TestCases.MLBnews" tests="1" failures="0" timestamp="04 Feb 2019 07:59:09 GMT" time="5.297" errors="0">
  <testcase name="MLBNews" time="5.297" classname="TestCases.MLBnews"/>
</testsuite> <!-- TestCases.MLBnews -->
